生成启动时间为 2015/9/26 10:12:48。
     1>项目“C:\Users\Administrator\Desktop\last\last_sxc.vcxproj”在节点 2 上(Build 个目标)。
     1>ClCompile:
         D:\VS2013\VC\bin\CL.exe /c /Zi /nologo /W3 /WX- /O2 /Oy- /D WIN32 /D NDEBUG /D _CONSOLE /Gm- /EHsc /MD /GS /fp:precise /Zc:wchar_t /Zc:forScope /Fo"Release\\" /Fd"Release\vc120.pdb" /Gd /TC /analyze- /errorReport:prompt sxc_main.c
         sxc_main.c
     1>sxc_main.c : warning C4819: 该文件包含不能在当前代码页(936)中表示的字符。请将该文件保存为 Unicode 格式以防止数据丢失
     1>c:\users\administrator\desktop\last\sxc_interface.h : warning C4819: 该文件包含不能在当前代码页(936)中表示的字符。请将该文件保存为 Unicode 格式以防止数据丢失
     1>c:\users\administrator\desktop\last\sxc_struct.h : warning C4819: 该文件包含不能在当前代码页(936)中表示的字符。请将该文件保存为 Unicode 格式以防止数据丢失
     1>sxc_main.c(63): warning C4020: “sxc_test”: 实参太多
     1>sxc_main.c(66): warning C4013: “DeleteList”未定义；假设外部返回 int
     1>sxc_main.c(78): warning C4996: 'fopen': This function or variable may be unsafe. Consider using fopen_s instead. To disable deprecation, use _CRT_SECURE_NO_WARNINGS. See online help for details.
                 D:\VS2013\VC\include\stdio.h(211) : 参见“fopen”的声明
     1>sxc_main.c(87): warning C4996: 'fopen': This function or variable may be unsafe. Consider using fopen_s instead. To disable deprecation, use _CRT_SECURE_NO_WARNINGS. See online help for details.
                 D:\VS2013\VC\include\stdio.h(211) : 参见“fopen”的声明
       Link:
         D:\VS2013\VC\bin\link.exe /ERRORREPORT:PROMPT /OUT:"C:\Users\Administrator\Desktop\last\Release\last_sxc.exe" /INCREMENTAL /NOLOGO kernel32.lib user32.lib gdi32.lib winspool.lib comdlg32.lib advapi32.lib shell32.lib ole32.lib oleaut32.lib uuid.lib odbc32.lib odbccp32.lib /MANIFEST /MANIFESTUAC:"level='asInvoker' uiAccess='false'" /manifest:embed /DEBUG /PDB:"C:\Users\Administrator\Desktop\last\Release\last_sxc.pdb" /SUBSYSTEM:CONSOLE /OPT:REF /OPT:ICF /TLBID:1 /DYNAMICBASE /NXCOMPAT /IMPLIB:"C:\Users\Administrator\Desktop\last\Release\last_sxc.lib" /MACHINE:X86 /SAFESEH Release\for_stm.obj
         Release\if_stm.obj
         Release\in_stm.obj
         Release\out_stm.obj
         Release\pretreatment.obj
         Release\simple_stm.obj
         Release\sub_stm.obj
         Release\sxc.obj
         Release\sxc_debug.obj
         Release\sxc_error.obj
         Release\sxc_main.obj
         Release\sxc_var.obj
         Release\value_stm.obj
         Release\while_stm.obj
     1>LINK : warning LNK4075: 忽略“/INCREMENTAL”(由于“/OPT:ICF”规范)
         last_sxc.vcxproj -> C:\Users\Administrator\Desktop\last\Release\last_sxc.exe
     1>已完成生成项目“C:\Users\Administrator\Desktop\last\last_sxc.vcxproj”(Build 个目标)的操作。

生成成功。

已用时间 00:00:01.89
